[19-11-2017 07:28:29] PayPal\Core\PayPalHttpConnection : INFO: POST https://api.sandbox.paypal.com/v1/oauth2/token
[19-11-2017 07:28:30] PayPal\Core\PayPalHttpConnection : INFO: Response Status 	: 200
[19-11-2017 07:28:30] PayPal\Core\PayPalHttpConnection : INFO: POST https://api.sandbox.paypal.com/v1/payments/payment
[19-11-2017 07:28:31] PayPal\Core\PayPalHttpConnection : INFO: Response Status 	: 400
[19-11-2017 07:28:31] PayPal\Core\PayPalHttpConnection : ERROR: Got Http response code 400 when accessing https://api.sandbox.paypal.com/v1/payments/payment. {"name":"MALFORMED_REQUEST","message":"Incoming JSON request does not map to API request","information_link":"https://developer.paypal.com/webapps/developer/docs/api/#MALFORMED_REQUEST","debug_id":"258f45cdd7918"}
[19-11-2017 07:29:54] PayPal\Core\PayPalHttpConnection : INFO: POST https://api.sandbox.paypal.com/v1/oauth2/token
[19-11-2017 07:29:55] PayPal\Core\PayPalHttpConnection : INFO: Response Status 	: 200
[19-11-2017 07:29:55] PayPal\Core\PayPalHttpConnection : INFO: POST https://api.sandbox.paypal.com/v1/payments/payment
[19-11-2017 07:29:56] PayPal\Core\PayPalHttpConnection : INFO: Response Status 	: 400
[19-11-2017 07:29:56] PayPal\Core\PayPalHttpConnection : ERROR: Got Http response code 400 when accessing https://api.sandbox.paypal.com/v1/payments/payment. {"name":"MALFORMED_REQUEST","message":"Incoming JSON request does not map to API request","information_link":"https://developer.paypal.com/webapps/developer/docs/api/#MALFORMED_REQUEST","debug_id":"891e758bede8b"}
[19-11-2017 07:33:12] PayPal\Core\PayPalHttpConnection : INFO: POST https://api.sandbox.paypal.com/v1/oauth2/token
[19-11-2017 07:33:13] PayPal\Core\PayPalHttpConnection : INFO: Response Status 	: 200
[19-11-2017 07:33:13] PayPal\Core\PayPalHttpConnection : INFO: POST https://api.sandbox.paypal.com/v1/payments/payment
[19-11-2017 07:33:14] PayPal\Core\PayPalHttpConnection : INFO: Response Status 	: 400
[19-11-2017 07:33:14] PayPal\Core\PayPalHttpConnection : ERROR: Got Http response code 400 when accessing https://api.sandbox.paypal.com/v1/payments/payment. {"name":"MALFORMED_REQUEST","message":"Incoming JSON request does not map to API request","information_link":"https://developer.paypal.com/webapps/developer/docs/api/#MALFORMED_REQUEST","debug_id":"989e3aa7e63eb"}
[19-11-2017 07:33:45] PayPal\Core\PayPalHttpConnection : INFO: POST https://api.sandbox.paypal.com/v1/oauth2/token
[19-11-2017 07:33:47] PayPal\Core\PayPalHttpConnection : INFO: Response Status 	: 200
[19-11-2017 07:33:47] PayPal\Core\PayPalHttpConnection : INFO: POST https://api.sandbox.paypal.com/v1/payments/payment
[19-11-2017 07:33:48] PayPal\Core\PayPalHttpConnection : INFO: Response Status 	: 400
[19-11-2017 07:33:48] PayPal\Core\PayPalHttpConnection : ERROR: Got Http response code 400 when accessing https://api.sandbox.paypal.com/v1/payments/payment. {"name":"MALFORMED_REQUEST","message":"Incoming JSON request does not map to API request","information_link":"https://developer.paypal.com/webapps/developer/docs/api/#MALFORMED_REQUEST","debug_id":"295bbf03c45a2"}
[19-11-2017 07:35:49] PayPal\Core\PayPalHttpConnection : INFO: POST https://api.sandbox.paypal.com/v1/oauth2/token
[19-11-2017 07:35:50] PayPal\Core\PayPalHttpConnection : INFO: Response Status 	: 200
[19-11-2017 07:35:50] PayPal\Core\PayPalHttpConnection : INFO: POST https://api.sandbox.paypal.com/v1/payments/payment
[19-11-2017 07:35:52] PayPal\Core\PayPalHttpConnection : INFO: Response Status 	: 201
[19-11-2017 07:36:25] PayPal\Core\PayPalHttpConnection : INFO: POST https://api.sandbox.paypal.com/v1/oauth2/token
[19-11-2017 07:36:27] PayPal\Core\PayPalHttpConnection : INFO: Response Status 	: 200
[19-11-2017 07:36:27] PayPal\Core\PayPalHttpConnection : INFO: POST https://api.sandbox.paypal.com/v1/payments/payment
[19-11-2017 07:36:29] PayPal\Core\PayPalHttpConnection : INFO: Response Status 	: 201
[19-11-2017 07:37:29] PayPal\Core\PayPalHttpConnection : INFO: POST https://api.sandbox.paypal.com/v1/oauth2/token
[19-11-2017 07:37:34] PayPal\Core\PayPalHttpConnection : INFO: Response Status 	: 200
[19-11-2017 07:37:34] PayPal\Core\PayPalHttpConnection : INFO: POST https://api.sandbox.paypal.com/v1/payments/payment
[19-11-2017 07:37:36] PayPal\Core\PayPalHttpConnection : INFO: Response Status 	: 201
[19-11-2017 07:39:04] PayPal\Core\PayPalHttpConnection : INFO: POST https://api.sandbox.paypal.com/v1/oauth2/token
[19-11-2017 07:39:07] PayPal\Core\PayPalHttpConnection : INFO: Response Status 	: 200
[19-11-2017 07:39:07] PayPal\Core\PayPalHttpConnection : INFO: POST https://api.sandbox.paypal.com/v1/payments/payment
[19-11-2017 07:39:08] PayPal\Core\PayPalHttpConnection : INFO: Response Status 	: 201
[19-11-2017 07:40:29] PayPal\Core\PayPalHttpConnection : INFO: POST https://api.sandbox.paypal.com/v1/oauth2/token
[19-11-2017 07:40:29] PayPal\Core\PayPalHttpConnection : INFO: Response Status 	: 200
[19-11-2017 07:40:30] PayPal\Core\PayPalHttpConnection : INFO: POST https://api.sandbox.paypal.com/v1/payments/payment
[19-11-2017 07:40:31] PayPal\Core\PayPalHttpConnection : INFO: Response Status 	: 201
[19-11-2017 07:41:33] PayPal\Core\PayPalHttpConnection : INFO: POST https://api.sandbox.paypal.com/v1/oauth2/token
[19-11-2017 07:41:34] PayPal\Core\PayPalHttpConnection : INFO: Response Status 	: 200
[19-11-2017 07:41:34] PayPal\Core\PayPalHttpConnection : INFO: POST https://api.sandbox.paypal.com/v1/payments/payment
[19-11-2017 07:41:35] PayPal\Core\PayPalHttpConnection : INFO: Response Status 	: 201
[19-11-2017 07:42:11] PayPal\Core\PayPalHttpConnection : INFO: POST https://api.sandbox.paypal.com/v1/oauth2/token
[19-11-2017 07:42:12] PayPal\Core\PayPalHttpConnection : INFO: Response Status 	: 200
[19-11-2017 07:42:12] PayPal\Core\PayPalHttpConnection : INFO: POST https://api.sandbox.paypal.com/v1/payments/payment
[19-11-2017 07:42:13] PayPal\Core\PayPalHttpConnection : INFO: Response Status 	: 201
[19-11-2017 07:42:40] PayPal\Core\PayPalHttpConnection : INFO: POST https://api.sandbox.paypal.com/v1/oauth2/token
[19-11-2017 07:42:41] PayPal\Core\PayPalHttpConnection : INFO: Response Status 	: 200
[19-11-2017 07:42:41] PayPal\Core\PayPalHttpConnection : INFO: POST https://api.sandbox.paypal.com/v1/payments/payment
[19-11-2017 07:42:43] PayPal\Core\PayPalHttpConnection : INFO: Response Status 	: 201
[19-11-2017 07:43:54] PayPal\Core\PayPalHttpConnection : INFO: POST https://api.sandbox.paypal.com/v1/oauth2/token
[19-11-2017 07:43:55] PayPal\Core\PayPalHttpConnection : INFO: Response Status 	: 200
[19-11-2017 07:43:55] PayPal\Core\PayPalHttpConnection : INFO: POST https://api.sandbox.paypal.com/v1/payments/payment
[19-11-2017 07:43:56] PayPal\Core\PayPalHttpConnection : INFO: Response Status 	: 201
[19-11-2017 07:44:08] PayPal\Core\PayPalHttpConnection : INFO: POST https://api.sandbox.paypal.com/v1/oauth2/token
[19-11-2017 07:44:09] PayPal\Core\PayPalHttpConnection : INFO: Response Status 	: 200
[19-11-2017 07:44:09] PayPal\Core\PayPalHttpConnection : INFO: POST https://api.sandbox.paypal.com/v1/payments/payment
[19-11-2017 07:44:11] PayPal\Core\PayPalHttpConnection : INFO: Response Status 	: 201
[19-11-2017 08:01:16] PayPal\Core\PayPalHttpConnection : INFO: POST https://api.sandbox.paypal.com/v1/oauth2/token
[19-11-2017 08:01:27] PayPal\Core\PayPalHttpConnection : INFO: Response Status 	: 200
[19-11-2017 08:01:27] PayPal\Core\PayPalHttpConnection : INFO: POST https://api.sandbox.paypal.com/v1/payments/payment
[19-11-2017 08:01:28] PayPal\Core\PayPalHttpConnection : INFO: Response Status 	: 201
[19-11-2017 08:56:40] PayPal\Core\PayPalHttpConnection : INFO: POST https://api.sandbox.paypal.com/v1/oauth2/token
[19-11-2017 01:20:22] PayPal\Core\PayPalHttpConnection : INFO: POST https://api.sandbox.paypal.com/v1/oauth2/token
[19-11-2017 01:20:26] PayPal\Core\PayPalHttpConnection : INFO: Response Status 	: 200
[19-11-2017 01:20:26] PayPal\Core\PayPalHttpConnection : INFO: POST https://api.sandbox.paypal.com/v1/payments/payment
[19-11-2017 01:20:27] PayPal\Core\PayPalHttpConnection : INFO: Response Status 	: 201
[19-11-2017 01:36:34] PayPal\Core\PayPalHttpConnection : INFO: POST https://api.sandbox.paypal.com/v1/oauth2/token
[19-11-2017 01:36:35] PayPal\Core\PayPalHttpConnection : INFO: Response Status 	: 200
[19-11-2017 01:36:35] PayPal\Core\PayPalHttpConnection : INFO: POST https://api.sandbox.paypal.com/v1/payments/payment
[19-11-2017 01:36:36] PayPal\Core\PayPalHttpConnection : INFO: Response Status 	: 201
[19-11-2017 01:51:55] PayPal\Core\PayPalHttpConnection : INFO: POST https://api.sandbox.paypal.com/v1/oauth2/token
[19-11-2017 01:51:56] PayPal\Core\PayPalHttpConnection : INFO: Response Status 	: 200
[19-11-2017 01:51:56] PayPal\Core\PayPalHttpConnection : INFO: POST https://api.sandbox.paypal.com/v1/payments/payment
[19-11-2017 01:51:57] PayPal\Core\PayPalHttpConnection : INFO: Response Status 	: 400
[19-11-2017 01:51:57] PayPal\Core\PayPalHttpConnection : ERROR: Got Http response code 400 when accessing https://api.sandbox.paypal.com/v1/payments/payment. {"name":"MALFORMED_REQUEST","message":"Incoming JSON request does not map to API request","information_link":"https://developer.paypal.com/webapps/developer/docs/api/#MALFORMED_REQUEST","debug_id":"3579975e5d41e"}
[19-11-2017 01:53:23] PayPal\Core\PayPalHttpConnection : INFO: POST https://api.sandbox.paypal.com/v1/oauth2/token
[19-11-2017 01:53:24] PayPal\Core\PayPalHttpConnection : INFO: Response Status 	: 200
[19-11-2017 01:53:24] PayPal\Core\PayPalHttpConnection : INFO: POST https://api.sandbox.paypal.com/v1/payments/payment
[19-11-2017 01:53:25] PayPal\Core\PayPalHttpConnection : INFO: Response Status 	: 400
[19-11-2017 01:53:25] PayPal\Core\PayPalHttpConnection : ERROR: Got Http response code 400 when accessing https://api.sandbox.paypal.com/v1/payments/payment. {"name":"MALFORMED_REQUEST","message":"Incoming JSON request does not map to API request","information_link":"https://developer.paypal.com/webapps/developer/docs/api/#MALFORMED_REQUEST","debug_id":"bf838b1ac99e3"}
[19-11-2017 01:53:49] PayPal\Core\PayPalHttpConnection : INFO: POST https://api.sandbox.paypal.com/v1/oauth2/token
[19-11-2017 01:53:50] PayPal\Core\PayPalHttpConnection : INFO: Response Status 	: 200
[19-11-2017 01:53:50] PayPal\Core\PayPalHttpConnection : INFO: POST https://api.sandbox.paypal.com/v1/payments/payment
[19-11-2017 01:53:51] PayPal\Core\PayPalHttpConnection : INFO: Response Status 	: 400
[19-11-2017 01:53:51] PayPal\Core\PayPalHttpConnection : ERROR: Got Http response code 400 when accessing https://api.sandbox.paypal.com/v1/payments/payment. {"name":"MALFORMED_REQUEST","message":"Incoming JSON request does not map to API request","information_link":"https://developer.paypal.com/webapps/developer/docs/api/#MALFORMED_REQUEST","debug_id":"a7fd6f81c53cc"}
[19-11-2017 01:54:34] PayPal\Core\PayPalHttpConnection : INFO: POST https://api.sandbox.paypal.com/v1/oauth2/token
[19-11-2017 01:54:35] PayPal\Core\PayPalHttpConnection : INFO: Response Status 	: 200
[19-11-2017 01:54:35] PayPal\Core\PayPalHttpConnection : INFO: POST https://api.sandbox.paypal.com/v1/payments/payment
[19-11-2017 01:54:36] PayPal\Core\PayPalHttpConnection : INFO: Response Status 	: 400
[19-11-2017 01:54:36] PayPal\Core\PayPalHttpConnection : ERROR: Got Http response code 400 when accessing https://api.sandbox.paypal.com/v1/payments/payment. {"name":"MALFORMED_REQUEST","message":"Incoming JSON request does not map to API request","information_link":"https://developer.paypal.com/webapps/developer/docs/api/#MALFORMED_REQUEST","debug_id":"cd052147e6257"}
[19-11-2017 01:54:40] PayPal\Core\PayPalHttpConnection : INFO: POST https://api.sandbox.paypal.com/v1/oauth2/token
[19-11-2017 01:54:41] PayPal\Core\PayPalHttpConnection : INFO: Response Status 	: 200
[19-11-2017 01:54:41] PayPal\Core\PayPalHttpConnection : INFO: POST https://api.sandbox.paypal.com/v1/payments/payment
[19-11-2017 01:54:42] PayPal\Core\PayPalHttpConnection : INFO: Response Status 	: 400
[19-11-2017 01:54:42] PayPal\Core\PayPalHttpConnection : ERROR: Got Http response code 400 when accessing https://api.sandbox.paypal.com/v1/payments/payment. {"name":"MALFORMED_REQUEST","message":"Incoming JSON request does not map to API request","information_link":"https://developer.paypal.com/webapps/developer/docs/api/#MALFORMED_REQUEST","debug_id":"cc4330fdb45e8"}
[19-11-2017 01:55:31] PayPal\Core\PayPalHttpConnection : INFO: POST https://api.sandbox.paypal.com/v1/oauth2/token
[19-11-2017 01:55:32] PayPal\Core\PayPalHttpConnection : INFO: Response Status 	: 200
[19-11-2017 01:55:32] PayPal\Core\PayPalHttpConnection : INFO: POST https://api.sandbox.paypal.com/v1/payments/payment
[19-11-2017 01:55:33] PayPal\Core\PayPalHttpConnection : INFO: Response Status 	: 400
[19-11-2017 01:55:33] PayPal\Core\PayPalHttpConnection : ERROR: Got Http response code 400 when accessing https://api.sandbox.paypal.com/v1/payments/payment. {"name":"MALFORMED_REQUEST","message":"Incoming JSON request does not map to API request","information_link":"https://developer.paypal.com/webapps/developer/docs/api/#MALFORMED_REQUEST","debug_id":"17a813cacab84"}
[19-11-2017 01:55:41] PayPal\Core\PayPalHttpConnection : INFO: POST https://api.sandbox.paypal.com/v1/oauth2/token
[19-11-2017 01:55:58] PayPal\Core\PayPalHttpConnection : INFO: Response Status 	: 200
[19-11-2017 01:55:58] PayPal\Core\PayPalHttpConnection : INFO: POST https://api.sandbox.paypal.com/v1/payments/payment
[19-11-2017 01:55:59] PayPal\Core\PayPalHttpConnection : INFO: Response Status 	: 400
[19-11-2017 01:55:59] PayPal\Core\PayPalHttpConnection : ERROR: Got Http response code 400 when accessing https://api.sandbox.paypal.com/v1/payments/payment. {"name":"MALFORMED_REQUEST","message":"Incoming JSON request does not map to API request","information_link":"https://developer.paypal.com/webapps/developer/docs/api/#MALFORMED_REQUEST","debug_id":"f79a84fa6326e"}
[19-11-2017 01:56:03] PayPal\Core\PayPalHttpConnection : INFO: POST https://api.sandbox.paypal.com/v1/oauth2/token
[19-11-2017 01:56:04] PayPal\Core\PayPalHttpConnection : INFO: Response Status 	: 200
[19-11-2017 01:56:04] PayPal\Core\PayPalHttpConnection : INFO: POST https://api.sandbox.paypal.com/v1/payments/payment
[19-11-2017 01:56:05] PayPal\Core\PayPalHttpConnection : INFO: Response Status 	: 400
[19-11-2017 01:56:05] PayPal\Core\PayPalHttpConnection : ERROR: Got Http response code 400 when accessing https://api.sandbox.paypal.com/v1/payments/payment. {"name":"MALFORMED_REQUEST","message":"Incoming JSON request does not map to API request","information_link":"https://developer.paypal.com/webapps/developer/docs/api/#MALFORMED_REQUEST","debug_id":"a89cc6ccdd5f0"}
[19-11-2017 01:56:43] PayPal\Core\PayPalHttpConnection : INFO: POST https://api.sandbox.paypal.com/v1/oauth2/token
[19-11-2017 01:56:59] PayPal\Core\PayPalHttpConnection : INFO: Response Status 	: 200
[19-11-2017 01:56:59] PayPal\Core\PayPalHttpConnection : INFO: POST https://api.sandbox.paypal.com/v1/payments/payment
[19-11-2017 01:57:00] PayPal\Core\PayPalHttpConnection : INFO: Response Status 	: 400
[19-11-2017 01:57:00] PayPal\Core\PayPalHttpConnection : ERROR: Got Http response code 400 when accessing https://api.sandbox.paypal.com/v1/payments/payment. {"name":"MALFORMED_REQUEST","message":"Incoming JSON request does not map to API request","information_link":"https://developer.paypal.com/webapps/developer/docs/api/#MALFORMED_REQUEST","debug_id":"a9b758b6888f"}
[19-11-2017 01:57:24] PayPal\Core\PayPalHttpConnection : INFO: POST https://api.sandbox.paypal.com/v1/oauth2/token
[19-11-2017 01:57:26] PayPal\Core\PayPalHttpConnection : INFO: Response Status 	: 200
[19-11-2017 01:57:26] PayPal\Core\PayPalHttpConnection : INFO: POST https://api.sandbox.paypal.com/v1/payments/payment
[19-11-2017 01:57:27] PayPal\Core\PayPalHttpConnection : INFO: Response Status 	: 201
[19-11-2017 01:58:27] PayPal\Core\PayPalHttpConnection : INFO: POST https://api.sandbox.paypal.com/v1/oauth2/token
[19-11-2017 01:58:31] PayPal\Core\PayPalHttpConnection : INFO: Response Status 	: 200
[19-11-2017 01:58:31] PayPal\Core\PayPalHttpConnection : INFO: POST https://api.sandbox.paypal.com/v1/payments/payment
[19-11-2017 01:58:32] PayPal\Core\PayPalHttpConnection : INFO: Response Status 	: 201
[19-11-2017 01:58:52] PayPal\Core\PayPalHttpConnection : INFO: POST https://api.sandbox.paypal.com/v1/oauth2/token
[19-11-2017 01:58:53] PayPal\Core\PayPalHttpConnection : INFO: Response Status 	: 200
[19-11-2017 01:58:53] PayPal\Core\PayPalHttpConnection : INFO: POST https://api.sandbox.paypal.com/v1/payments/payment
[19-11-2017 01:58:54] PayPal\Core\PayPalHttpConnection : INFO: Response Status 	: 400
[19-11-2017 01:58:54] PayPal\Core\PayPalHttpConnection : ERROR: Got Http response code 400 when accessing https://api.sandbox.paypal.com/v1/payments/payment. {"name":"VALIDATION_ERROR","details":[{"field":"transactions[0]","issue":"Item amount must add up to specified amount subtotal (or total if amount details not specified)"}],"message":"Invalid request - see details","information_link":"https://developer.paypal.com/docs/api/payments/#errors","debug_id":"f97e52ca2b11"}
[19-11-2017 01:59:17] PayPal\Core\PayPalHttpConnection : INFO: POST https://api.sandbox.paypal.com/v1/oauth2/token
[19-11-2017 01:59:18] PayPal\Core\PayPalHttpConnection : INFO: Response Status 	: 200
[19-11-2017 01:59:18] PayPal\Core\PayPalHttpConnection : INFO: POST https://api.sandbox.paypal.com/v1/payments/payment
[19-11-2017 01:59:19] PayPal\Core\PayPalHttpConnection : INFO: Response Status 	: 400
[19-11-2017 01:59:19] PayPal\Core\PayPalHttpConnection : ERROR: Got Http response code 400 when accessing https://api.sandbox.paypal.com/v1/payments/payment. {"name":"MALFORMED_REQUEST","message":"Incoming JSON request does not map to API request","information_link":"https://developer.paypal.com/webapps/developer/docs/api/#MALFORMED_REQUEST","debug_id":"4c44819a415da"}
[19-11-2017 02:03:45] PayPal\Core\PayPalHttpConnection : INFO: POST https://api.sandbox.paypal.com/v1/oauth2/token
[19-11-2017 02:03:57] PayPal\Core\PayPalHttpConnection : INFO: Response Status 	: 200
[19-11-2017 02:03:57] PayPal\Core\PayPalHttpConnection : INFO: POST https://api.sandbox.paypal.com/v1/payments/payment
[19-11-2017 02:03:58] PayPal\Core\PayPalHttpConnection : INFO: Response Status 	: 201
[19-11-2017 02:08:49] PayPal\Core\PayPalHttpConnection : INFO: POST https://api.sandbox.paypal.com/v1/oauth2/token
[19-11-2017 02:08:51] PayPal\Core\PayPalHttpConnection : INFO: Response Status 	: 200
[19-11-2017 02:08:51] PayPal\Core\PayPalHttpConnection : INFO: POST https://api.sandbox.paypal.com/v1/payments/payment
[19-11-2017 02:09:13] PayPal\Core\PayPalHttpConnection : INFO: Response Status 	: 400
[19-11-2017 02:09:13] PayPal\Core\PayPalHttpConnection : ERROR: Got Http response code 400 when accessing https://api.sandbox.paypal.com/v1/payments/payment. {"name":"MALFORMED_REQUEST","message":"Incoming JSON request does not map to API request","information_link":"https://developer.paypal.com/webapps/developer/docs/api/#MALFORMED_REQUEST","debug_id":"e38b798fcfb46"}
[19-11-2017 02:10:55] PayPal\Core\PayPalHttpConnection : INFO: POST https://api.sandbox.paypal.com/v1/oauth2/token
[19-11-2017 02:11:10] PayPal\Core\PayPalHttpConnection : INFO: Response Status 	: 200
[19-11-2017 02:11:10] PayPal\Core\PayPalHttpConnection : INFO: POST https://api.sandbox.paypal.com/v1/payments/payment
[19-11-2017 02:11:11] PayPal\Core\PayPalHttpConnection : INFO: Response Status 	: 400
[19-11-2017 02:11:11] PayPal\Core\PayPalHttpConnection : ERROR: Got Http response code 400 when accessing https://api.sandbox.paypal.com/v1/payments/payment. {"name":"MALFORMED_REQUEST","message":"Incoming JSON request does not map to API request","information_link":"https://developer.paypal.com/webapps/developer/docs/api/#MALFORMED_REQUEST","debug_id":"1857a51ac29b4"}
[19-11-2017 02:11:54] PayPal\Core\PayPalHttpConnection : INFO: POST https://api.sandbox.paypal.com/v1/oauth2/token
[19-11-2017 02:11:57] PayPal\Core\PayPalHttpConnection : INFO: Response Status 	: 200
[19-11-2017 02:11:57] PayPal\Core\PayPalHttpConnection : INFO: POST https://api.sandbox.paypal.com/v1/payments/payment
[19-11-2017 02:11:58] PayPal\Core\PayPalHttpConnection : INFO: Response Status 	: 201
[19-11-2017 02:12:41] PayPal\Core\PayPalHttpConnection : INFO: POST https://api.sandbox.paypal.com/v1/oauth2/token
[19-11-2017 02:12:44] PayPal\Core\PayPalHttpConnection : INFO: Response Status 	: 200
[19-11-2017 02:12:44] PayPal\Core\PayPalHttpConnection : INFO: POST https://api.sandbox.paypal.com/v1/payments/payment
[19-11-2017 02:12:55] PayPal\Core\PayPalHttpConnection : INFO: Response Status 	: 201
[19-11-2017 02:13:29] PayPal\Core\PayPalHttpConnection : INFO: POST https://api.sandbox.paypal.com/v1/oauth2/token
[19-11-2017 02:13:30] PayPal\Core\PayPalHttpConnection : INFO: Response Status 	: 200
[19-11-2017 02:13:30] PayPal\Core\PayPalHttpConnection : INFO: POST https://api.sandbox.paypal.com/v1/payments/payment
[19-11-2017 02:13:32] PayPal\Core\PayPalHttpConnection : INFO: Response Status 	: 201
[19-11-2017 02:20:50] PayPal\Core\PayPalHttpConnection : INFO: POST https://api.sandbox.paypal.com/v1/oauth2/token
[19-11-2017 02:20:57] PayPal\Core\PayPalHttpConnection : INFO: Response Status 	: 200
[19-11-2017 02:20:57] PayPal\Core\PayPalHttpConnection : INFO: POST https://api.sandbox.paypal.com/v1/payments/payment
[19-11-2017 02:20:58] PayPal\Core\PayPalHttpConnection : INFO: Response Status 	: 201
[19-11-2017 10:57:32] PayPal\Core\PayPalHttpConnection : INFO: POST https://api.sandbox.paypal.com/v1/oauth2/token
[19-11-2017 10:57:33] PayPal\Core\PayPalHttpConnection : INFO: Response Status 	: 200
[19-11-2017 10:57:33] PayPal\Core\PayPalHttpConnection : INFO: POST https://api.sandbox.paypal.com/v1/payments/payment
[19-11-2017 10:57:34] PayPal\Core\PayPalHttpConnection : INFO: Response Status 	: 201
[19-11-2017 11:05:32] PayPal\Core\PayPalHttpConnection : INFO: POST https://api.sandbox.paypal.com/v1/oauth2/token
[19-11-2017 11:05:33] PayPal\Core\PayPalHttpConnection : INFO: Response Status 	: 200
[19-11-2017 11:05:33] PayPal\Core\PayPalHttpConnection : INFO: POST https://api.sandbox.paypal.com/v1/payments/payment
[19-11-2017 11:05:40] PayPal\Core\PayPalHttpConnection : INFO: Response Status 	: 400
[19-11-2017 11:05:40] PayPal\Core\PayPalHttpConnection : ERROR: Got Http response code 400 when accessing https://api.sandbox.paypal.com/v1/payments/payment. {"name":"MALFORMED_REQUEST","message":"Incoming JSON request does not map to API request","information_link":"https://developer.paypal.com/webapps/developer/docs/api/#MALFORMED_REQUEST","debug_id":"c382e83e4e9fc"}
[19-11-2017 11:05:50] PayPal\Core\PayPalHttpConnection : INFO: POST https://api.sandbox.paypal.com/v1/oauth2/token
[19-11-2017 11:05:52] PayPal\Core\PayPalHttpConnection : INFO: Response Status 	: 200
[19-11-2017 11:05:52] PayPal\Core\PayPalHttpConnection : INFO: POST https://api.sandbox.paypal.com/v1/payments/payment
[19-11-2017 11:05:54] PayPal\Core\PayPalHttpConnection : INFO: Response Status 	: 201
[19-11-2017 11:11:29] PayPal\Core\PayPalHttpConnection : INFO: POST https://api.sandbox.paypal.com/v1/oauth2/token
[19-11-2017 11:11:30] PayPal\Core\PayPalHttpConnection : INFO: Response Status 	: 200
[19-11-2017 11:11:30] PayPal\Core\PayPalHttpConnection : INFO: POST https://api.sandbox.paypal.com/v1/payments/payment
[19-11-2017 11:11:31] PayPal\Core\PayPalHttpConnection : INFO: Response Status 	: 400
[19-11-2017 11:11:31] PayPal\Core\PayPalHttpConnection : ERROR: Got Http response code 400 when accessing https://api.sandbox.paypal.com/v1/payments/payment. {"name":"VALIDATION_ERROR","details":[{"field":"transactions[0]","issue":"Item amount must add up to specified amount subtotal (or total if amount details not specified)"}],"message":"Invalid request - see details","information_link":"https://developer.paypal.com/docs/api/payments/#errors","debug_id":"401c6d8368e1"}
[19-11-2017 11:12:14] PayPal\Core\PayPalHttpConnection : INFO: POST https://api.sandbox.paypal.com/v1/oauth2/token
[19-11-2017 11:12:15] PayPal\Core\PayPalHttpConnection : INFO: Response Status 	: 200
[19-11-2017 11:12:15] PayPal\Core\PayPalHttpConnection : INFO: POST https://api.sandbox.paypal.com/v1/payments/payment
[19-11-2017 11:12:16] PayPal\Core\PayPalHttpConnection : INFO: Response Status 	: 201
[19-11-2017 11:12:53] PayPal\Core\PayPalHttpConnection : INFO: POST https://api.sandbox.paypal.com/v1/oauth2/token
[19-11-2017 11:12:55] PayPal\Core\PayPalHttpConnection : INFO: Response Status 	: 200
[19-11-2017 11:12:55] PayPal\Core\PayPalHttpConnection : INFO: POST https://api.sandbox.paypal.com/v1/payments/payment
[19-11-2017 11:12:56] PayPal\Core\PayPalHttpConnection : INFO: Response Status 	: 400
[19-11-2017 11:12:56] PayPal\Core\PayPalHttpConnection : ERROR: Got Http response code 400 when accessing https://api.sandbox.paypal.com/v1/payments/payment. {"name":"VALIDATION_ERROR","details":[{"field":"transactions[0]","issue":"Item amount must add up to specified amount subtotal (or total if amount details not specified)"}],"message":"Invalid request - see details","information_link":"https://developer.paypal.com/docs/api/payments/#errors","debug_id":"74b5bbf3a472"}
[19-11-2017 11:13:09] PayPal\Core\PayPalHttpConnection : INFO: POST https://api.sandbox.paypal.com/v1/oauth2/token
[19-11-2017 11:13:10] PayPal\Core\PayPalHttpConnection : INFO: Response Status 	: 200
[19-11-2017 11:13:10] PayPal\Core\PayPalHttpConnection : INFO: POST https://api.sandbox.paypal.com/v1/payments/payment
[19-11-2017 11:13:11] PayPal\Core\PayPalHttpConnection : INFO: Response Status 	: 400
[19-11-2017 11:13:11] PayPal\Core\PayPalHttpConnection : ERROR: Got Http response code 400 when accessing https://api.sandbox.paypal.com/v1/payments/payment. {"name":"MALFORMED_REQUEST","message":"Incoming JSON request does not map to API request","information_link":"https://developer.paypal.com/webapps/developer/docs/api/#MALFORMED_REQUEST","debug_id":"dcfa0ea97614"}
[19-11-2017 11:47:20] PayPal\Core\PayPalHttpConnection : INFO: POST https://api.sandbox.paypal.com/v1/oauth2/token
[19-11-2017 11:47:21] PayPal\Core\PayPalHttpConnection : INFO: Response Status 	: 200
[19-11-2017 11:47:21] PayPal\Core\PayPalHttpConnection : INFO: POST https://api.sandbox.paypal.com/v1/payments/payment
[19-11-2017 11:47:22] PayPal\Core\PayPalHttpConnection : INFO: Response Status 	: 400
[19-11-2017 11:47:22] PayPal\Core\PayPalHttpConnection : ERROR: Got Http response code 400 when accessing https://api.sandbox.paypal.com/v1/payments/payment. {"name":"VALIDATION_ERROR","details":[{"field":"transactions[0]","issue":"Item amount must add up to specified amount subtotal (or total if amount details not specified)"}],"message":"Invalid request - see details","information_link":"https://developer.paypal.com/docs/api/payments/#errors","debug_id":"c7e4adfb5e716"}
[19-11-2017 11:48:26] PayPal\Core\PayPalHttpConnection : INFO: POST https://api.sandbox.paypal.com/v1/oauth2/token
[19-11-2017 11:48:27] PayPal\Core\PayPalHttpConnection : INFO: Response Status 	: 200
[19-11-2017 11:48:27] PayPal\Core\PayPalHttpConnection : INFO: POST https://api.sandbox.paypal.com/v1/payments/payment
[19-11-2017 11:48:28] PayPal\Core\PayPalHttpConnection : INFO: Response Status 	: 400
[19-11-2017 11:48:28] PayPal\Core\PayPalHttpConnection : ERROR: Got Http response code 400 when accessing https://api.sandbox.paypal.com/v1/payments/payment. {"name":"VALIDATION_ERROR","details":[{"field":"transactions[0]","issue":"Item amount must add up to specified amount subtotal (or total if amount details not specified)"}],"message":"Invalid request - see details","information_link":"https://developer.paypal.com/docs/api/payments/#errors","debug_id":"8690ddb5a4808"}
[19-11-2017 11:48:54] PayPal\Core\PayPalHttpConnection : INFO: POST https://api.sandbox.paypal.com/v1/oauth2/token
[19-11-2017 11:48:55] PayPal\Core\PayPalHttpConnection : INFO: Response Status 	: 200
[19-11-2017 11:48:55] PayPal\Core\PayPalHttpConnection : INFO: POST https://api.sandbox.paypal.com/v1/payments/payment
[19-11-2017 11:48:56] PayPal\Core\PayPalHttpConnection : INFO: Response Status 	: 400
[19-11-2017 11:48:56] PayPal\Core\PayPalHttpConnection : ERROR: Got Http response code 400 when accessing https://api.sandbox.paypal.com/v1/payments/payment. {"name":"VALIDATION_ERROR","details":[{"field":"transactions[0]","issue":"Item amount must add up to specified amount subtotal (or total if amount details not specified)"}],"message":"Invalid request - see details","information_link":"https://developer.paypal.com/docs/api/payments/#errors","debug_id":"8f8ad9826fde1"}
[19-11-2017 11:48:58] PayPal\Core\PayPalHttpConnection : INFO: POST https://api.sandbox.paypal.com/v1/oauth2/token
[19-11-2017 11:48:59] PayPal\Core\PayPalHttpConnection : INFO: Response Status 	: 200
[19-11-2017 11:48:59] PayPal\Core\PayPalHttpConnection : INFO: POST https://api.sandbox.paypal.com/v1/payments/payment
[19-11-2017 11:49:52] PayPal\Core\PayPalHttpConnection : INFO: POST https://api.sandbox.paypal.com/v1/oauth2/token
[19-11-2017 11:49:53] PayPal\Core\PayPalHttpConnection : INFO: Response Status 	: 200
[19-11-2017 11:49:53] PayPal\Core\PayPalHttpConnection : INFO: POST https://api.sandbox.paypal.com/v1/payments/payment
[19-11-2017 11:49:54] PayPal\Core\PayPalHttpConnection : INFO: Response Status 	: 400
[19-11-2017 11:49:54] PayPal\Core\PayPalHttpConnection : ERROR: Got Http response code 400 when accessing https://api.sandbox.paypal.com/v1/payments/payment. {"name":"VALIDATION_ERROR","details":[{"field":"transactions[0]","issue":"Item amount must add up to specified amount subtotal (or total if amount details not specified)"}],"message":"Invalid request - see details","information_link":"https://developer.paypal.com/docs/api/payments/#errors","debug_id":"940453925fa0d"}
[19-11-2017 11:51:34] PayPal\Core\PayPalHttpConnection : INFO: POST https://api.sandbox.paypal.com/v1/oauth2/token
[19-11-2017 11:51:35] PayPal\Core\PayPalHttpConnection : INFO: Response Status 	: 200
[19-11-2017 11:51:35] PayPal\Core\PayPalHttpConnection : INFO: POST https://api.sandbox.paypal.com/v1/payments/payment
[19-11-2017 11:51:36] PayPal\Core\PayPalHttpConnection : INFO: Response Status 	: 201
[19-11-2017 11:55:32] PayPal\Core\PayPalHttpConnection : INFO: POST https://api.sandbox.paypal.com/v1/oauth2/token
[19-11-2017 11:55:33] PayPal\Core\PayPalHttpConnection : INFO: Response Status 	: 200
[19-11-2017 11:55:33] PayPal\Core\PayPalHttpConnection : INFO: POST https://api.sandbox.paypal.com/v1/payments/payment
[19-11-2017 11:55:35] PayPal\Core\PayPalHttpConnection : INFO: Response Status 	: 201
[19-11-2017 11:56:48] PayPal\Core\PayPalHttpConnection : INFO: POST https://api.sandbox.paypal.com/v1/oauth2/token
[19-11-2017 11:56:49] PayPal\Core\PayPalHttpConnection : INFO: Response Status 	: 200
[19-11-2017 11:56:49] PayPal\Core\PayPalHttpConnection : INFO: POST https://api.sandbox.paypal.com/v1/payments/payment
[19-11-2017 11:56:51] PayPal\Core\PayPalHttpConnection : INFO: Response Status 	: 201
[19-11-2017 11:57:17] PayPal\Core\PayPalHttpConnection : INFO: POST https://api.sandbox.paypal.com/v1/oauth2/token
[19-11-2017 11:57:18] PayPal\Core\PayPalHttpConnection : INFO: Response Status 	: 200
[19-11-2017 11:57:18] PayPal\Core\PayPalHttpConnection : INFO: POST https://api.sandbox.paypal.com/v1/payments/payment
[19-11-2017 11:57:19] PayPal\Core\PayPalHttpConnection : INFO: Response Status 	: 201
[19-11-2017 11:58:58] PayPal\Core\PayPalHttpConnection : INFO: POST https://api.sandbox.paypal.com/v1/oauth2/token
[19-11-2017 11:59:02] PayPal\Core\PayPalHttpConnection : INFO: Response Status 	: 200
[19-11-2017 11:59:02] PayPal\Core\PayPalHttpConnection : INFO: POST https://api.sandbox.paypal.com/v1/payments/payment
[19-11-2017 11:59:03] PayPal\Core\PayPalHttpConnection : INFO: Response Status 	: 201
[19-11-2017 11:59:43] PayPal\Core\PayPalHttpConnection : INFO: POST https://api.sandbox.paypal.com/v1/oauth2/token
[19-11-2017 11:59:44] PayPal\Core\PayPalHttpConnection : INFO: Response Status 	: 200
[19-11-2017 11:59:44] PayPal\Core\PayPalHttpConnection : INFO: POST https://api.sandbox.paypal.com/v1/payments/payment
[19-11-2017 11:59:45] PayPal\Core\PayPalHttpConnection : INFO: Response Status 	: 201
[20-11-2017 12:13:54] PayPal\Core\PayPalHttpConnection : INFO: POST https://api.sandbox.paypal.com/v1/oauth2/token
[20-11-2017 12:13:55] PayPal\Core\PayPalHttpConnection : INFO: Response Status 	: 200
[20-11-2017 12:13:55] PayPal\Core\PayPalHttpConnection : INFO: POST https://api.sandbox.paypal.com/v1/payments/payment
[20-11-2017 12:13:57] PayPal\Core\PayPalHttpConnection : INFO: Response Status 	: 201
[20-11-2017 12:16:14] PayPal\Core\PayPalHttpConnection : INFO: POST https://api.sandbox.paypal.com/v1/oauth2/token
[20-11-2017 12:16:15] PayPal\Core\PayPalHttpConnection : INFO: Response Status 	: 200
[20-11-2017 12:16:15] PayPal\Core\PayPalHttpConnection : INFO: POST https://api.sandbox.paypal.com/v1/payments/payment
[20-11-2017 12:16:16] PayPal\Core\PayPalHttpConnection : INFO: Response Status 	: 201
[20-11-2017 01:37:45] PayPal\Core\PayPalHttpConnection : INFO: POST https://api.sandbox.paypal.com/v1/oauth2/token
[20-11-2017 01:37:48] PayPal\Core\PayPalHttpConnection : INFO: Response Status 	: 200
[20-11-2017 01:37:48] PayPal\Core\PayPalHttpConnection : INFO: POST https://api.sandbox.paypal.com/v1/payments/payment
[20-11-2017 01:37:50] PayPal\Core\PayPalHttpConnection : INFO: Response Status 	: 201
[20-11-2017 01:40:21] PayPal\Core\PayPalHttpConnection : INFO: POST https://api.sandbox.paypal.com/v1/oauth2/token
[20-11-2017 01:40:22] PayPal\Core\PayPalHttpConnection : INFO: Response Status 	: 200
[20-11-2017 01:40:22] PayPal\Core\PayPalHttpConnection : INFO: POST https://api.sandbox.paypal.com/v1/payments/payment
[20-11-2017 01:40:23] PayPal\Core\PayPalHttpConnection : INFO: Response Status 	: 201
[20-11-2017 01:40:44] PayPal\Core\PayPalHttpConnection : INFO: POST https://api.sandbox.paypal.com/v1/oauth2/token
[20-11-2017 01:40:51] PayPal\Core\PayPalHttpConnection : INFO: Response Status 	: 200
[20-11-2017 01:40:51] PayPal\Core\PayPalHttpConnection : INFO: POST https://api.sandbox.paypal.com/v1/payments/payment
[20-11-2017 01:40:52] PayPal\Core\PayPalHttpConnection : INFO: Response Status 	: 201
[20-11-2017 01:40:54] PayPal\Core\PayPalHttpConnection : INFO: POST https://api.sandbox.paypal.com/v1/oauth2/token
[20-11-2017 01:41:20] PayPal\Core\PayPalHttpConnection : INFO: Response Status 	: 200
[20-11-2017 01:41:20] PayPal\Core\PayPalHttpConnection : INFO: POST https://api.sandbox.paypal.com/v1/payments/payment
[20-11-2017 01:41:21] PayPal\Core\PayPalHttpConnection : INFO: Response Status 	: 201
[20-11-2017 01:42:00] PayPal\Core\PayPalHttpConnection : INFO: POST https://api.sandbox.paypal.com/v1/oauth2/token
[20-11-2017 01:42:01] PayPal\Core\PayPalHttpConnection : INFO: Response Status 	: 200
[20-11-2017 01:42:01] PayPal\Core\PayPalHttpConnection : INFO: POST https://api.sandbox.paypal.com/v1/payments/payment
[20-11-2017 01:42:02] PayPal\Core\PayPalHttpConnection : INFO: Response Status 	: 201
[20-11-2017 01:42:14] PayPal\Core\PayPalHttpConnection : INFO: POST https://api.sandbox.paypal.com/v1/oauth2/token
[20-11-2017 01:42:15] PayPal\Core\PayPalHttpConnection : INFO: Response Status 	: 200
[20-11-2017 01:42:15] PayPal\Core\PayPalHttpConnection : INFO: POST https://api.sandbox.paypal.com/v1/payments/payment
[20-11-2017 01:42:17] PayPal\Core\PayPalHttpConnection : INFO: Response Status 	: 201
[20-11-2017 01:43:07] PayPal\Core\PayPalHttpConnection : INFO: POST https://api.sandbox.paypal.com/v1/oauth2/token
[20-11-2017 01:43:10] PayPal\Core\PayPalHttpConnection : INFO: Response Status 	: 200
[20-11-2017 01:43:10] PayPal\Core\PayPalHttpConnection : INFO: POST https://api.sandbox.paypal.com/v1/payments/payment
[20-11-2017 01:43:13] PayPal\Core\PayPalHttpConnection : INFO: Response Status 	: 201
[20-11-2017 01:43:41] PayPal\Core\PayPalHttpConnection : INFO: POST https://api.sandbox.paypal.com/v1/oauth2/token
[20-11-2017 01:43:42] PayPal\Core\PayPalHttpConnection : INFO: Response Status 	: 200
[20-11-2017 01:43:42] PayPal\Core\PayPalHttpConnection : INFO: POST https://api.sandbox.paypal.com/v1/payments/payment
[20-11-2017 01:43:45] PayPal\Core\PayPalHttpConnection : INFO: Response Status 	: 201
[20-11-2017 01:44:02] PayPal\Core\PayPalHttpConnection : INFO: POST https://api.sandbox.paypal.com/v1/oauth2/token
[20-11-2017 01:44:03] PayPal\Core\PayPalHttpConnection : INFO: Response Status 	: 200
[20-11-2017 01:44:03] PayPal\Core\PayPalHttpConnection : INFO: POST https://api.sandbox.paypal.com/v1/payments/payment
[20-11-2017 01:44:04] PayPal\Core\PayPalHttpConnection : INFO: Response Status 	: 201
[21-11-2017 01:15:59] PayPal\Core\PayPalHttpConnection : INFO: POST https://api.sandbox.paypal.com/v1/oauth2/token
[21-11-2017 01:16:15] PayPal\Core\PayPalHttpConnection : INFO: Response Status 	: 200
[21-11-2017 01:16:15] PayPal\Core\PayPalHttpConnection : INFO: POST https://api.sandbox.paypal.com/v1/payments/payment
[21-11-2017 01:16:16] PayPal\Core\PayPalHttpConnection : INFO: Response Status 	: 201
[21-11-2017 03:03:38] PayPal\Core\PayPalHttpConnection : INFO: POST https://api.sandbox.paypal.com/v1/oauth2/token
[21-11-2017 03:03:40] PayPal\Core\PayPalHttpConnection : INFO: Response Status 	: 200
[21-11-2017 03:03:40] PayPal\Core\PayPalHttpConnection : INFO: POST https://api.sandbox.paypal.com/v1/payments/payment
[21-11-2017 03:03:41] PayPal\Core\PayPalHttpConnection : INFO: Response Status 	: 201
[21-11-2017 03:07:39] PayPal\Core\PayPalHttpConnection : INFO: POST https://api.sandbox.paypal.com/v1/oauth2/token
[21-11-2017 03:07:40] PayPal\Core\PayPalHttpConnection : INFO: Response Status 	: 200
[21-11-2017 03:07:40] PayPal\Core\PayPalHttpConnection : INFO: POST https://api.sandbox.paypal.com/v1/payments/payment
[21-11-2017 03:07:41] PayPal\Core\PayPalHttpConnection : INFO: Response Status 	: 400
[21-11-2017 03:07:41] PayPal\Core\PayPalHttpConnection : ERROR: Got Http response code 400 when accessing https://api.sandbox.paypal.com/v1/payments/payment. {"name":"VALIDATION_ERROR","details":[{"field":"transactions[0]","issue":"Item amount must add up to specified amount subtotal (or total if amount details not specified)"}],"message":"Invalid request - see details","information_link":"https://developer.paypal.com/docs/api/payments/#errors","debug_id":"66b47f641c828"}
[21-11-2017 03:08:12] PayPal\Core\PayPalHttpConnection : INFO: POST https://api.sandbox.paypal.com/v1/oauth2/token
[21-11-2017 03:08:30] PayPal\Core\PayPalHttpConnection : INFO: Response Status 	: 200
[21-11-2017 03:08:30] PayPal\Core\PayPalHttpConnection : INFO: POST https://api.sandbox.paypal.com/v1/payments/payment
[21-11-2017 03:08:34] PayPal\Core\PayPalHttpConnection : INFO: Response Status 	: 400
[21-11-2017 03:08:34] PayPal\Core\PayPalHttpConnection : ERROR: Got Http response code 400 when accessing https://api.sandbox.paypal.com/v1/payments/payment. {"name":"VALIDATION_ERROR","details":[{"field":"transactions[0]","issue":"Item amount must add up to specified amount subtotal (or total if amount details not specified)"}],"message":"Invalid request - see details","information_link":"https://developer.paypal.com/docs/api/payments/#errors","debug_id":"e2f217737d57"}
[21-11-2017 03:08:34] PayPal\Core\PayPalHttpConnection : INFO: POST https://api.sandbox.paypal.com/v1/oauth2/token
[21-11-2017 03:08:35] PayPal\Core\PayPalHttpConnection : INFO: Response Status 	: 200
[21-11-2017 03:08:35] PayPal\Core\PayPalHttpConnection : INFO: POST https://api.sandbox.paypal.com/v1/payments/payment
[21-11-2017 03:08:36] PayPal\Core\PayPalHttpConnection : INFO: Response Status 	: 400
[21-11-2017 03:08:36] PayPal\Core\PayPalHttpConnection : ERROR: Got Http response code 400 when accessing https://api.sandbox.paypal.com/v1/payments/payment. {"name":"VALIDATION_ERROR","details":[{"field":"transactions[0]","issue":"Item amount must add up to specified amount subtotal (or total if amount details not specified)"}],"message":"Invalid request - see details","information_link":"https://developer.paypal.com/docs/api/payments/#errors","debug_id":"c663202245be3"}
[21-11-2017 03:08:37] PayPal\Core\PayPalHttpConnection : INFO: POST https://api.sandbox.paypal.com/v1/oauth2/token
[21-11-2017 03:08:37] PayPal\Core\PayPalHttpConnection : INFO: Response Status 	: 200
[21-11-2017 03:08:37] PayPal\Core\PayPalHttpConnection : INFO: POST https://api.sandbox.paypal.com/v1/payments/payment
[21-11-2017 03:08:41] PayPal\Core\PayPalHttpConnection : INFO: Response Status 	: 400
[21-11-2017 03:08:41] PayPal\Core\PayPalHttpConnection : ERROR: Got Http response code 400 when accessing https://api.sandbox.paypal.com/v1/payments/payment. {"name":"VALIDATION_ERROR","details":[{"field":"transactions[0]","issue":"Item amount must add up to specified amount subtotal (or total if amount details not specified)"}],"message":"Invalid request - see details","information_link":"https://developer.paypal.com/docs/api/payments/#errors","debug_id":"28ac97cda64c0"}
[21-11-2017 03:08:43] PayPal\Core\PayPalHttpConnection : INFO: POST https://api.sandbox.paypal.com/v1/oauth2/token
[21-11-2017 03:08:44] PayPal\Core\PayPalHttpConnection : INFO: Response Status 	: 200
[21-11-2017 03:08:44] PayPal\Core\PayPalHttpConnection : INFO: POST https://api.sandbox.paypal.com/v1/payments/payment
[21-11-2017 03:08:45] PayPal\Core\PayPalHttpConnection : INFO: Response Status 	: 400
[21-11-2017 03:08:45] PayPal\Core\PayPalHttpConnection : ERROR: Got Http response code 400 when accessing https://api.sandbox.paypal.com/v1/payments/payment. {"name":"VALIDATION_ERROR","details":[{"field":"transactions[0]","issue":"Item amount must add up to specified amount subtotal (or total if amount details not specified)"}],"message":"Invalid request - see details","information_link":"https://developer.paypal.com/docs/api/payments/#errors","debug_id":"1164cfe52ab7e"}
[21-11-2017 03:09:09] PayPal\Core\PayPalHttpConnection : INFO: POST https://api.sandbox.paypal.com/v1/oauth2/token
[21-11-2017 03:10:04] PayPal\Core\PayPalHttpConnection : INFO: POST https://api.sandbox.paypal.com/v1/oauth2/token
[21-11-2017 03:10:09] PayPal\Core\PayPalHttpConnection : INFO: Response Status 	: 200
[21-11-2017 03:10:09] PayPal\Core\PayPalHttpConnection : INFO: POST https://api.sandbox.paypal.com/v1/payments/payment
[21-11-2017 03:10:10] PayPal\Core\PayPalHttpConnection : INFO: Response Status 	: 400
[21-11-2017 03:10:10] PayPal\Core\PayPalHttpConnection : ERROR: Got Http response code 400 when accessing https://api.sandbox.paypal.com/v1/payments/payment. {"name":"VALIDATION_ERROR","details":[{"field":"transactions[0]","issue":"Item amount must add up to specified amount subtotal (or total if amount details not specified)"}],"message":"Invalid request - see details","information_link":"https://developer.paypal.com/docs/api/payments/#errors","debug_id":"b77edd1194fbc"}
[21-11-2017 03:11:33] PayPal\Core\PayPalHttpConnection : INFO: POST https://api.sandbox.paypal.com/v1/oauth2/token
[21-11-2017 03:11:34] PayPal\Core\PayPalHttpConnection : INFO: Response Status 	: 200
[21-11-2017 03:11:34] PayPal\Core\PayPalHttpConnection : INFO: POST https://api.sandbox.paypal.com/v1/payments/payment
[21-11-2017 03:11:35] PayPal\Core\PayPalHttpConnection : INFO: Response Status 	: 400
[21-11-2017 03:11:35] PayPal\Core\PayPalHttpConnection : ERROR: Got Http response code 400 when accessing https://api.sandbox.paypal.com/v1/payments/payment. {"name":"VALIDATION_ERROR","details":[{"field":"transactions[0]","issue":"Item amount must add up to specified amount subtotal (or total if amount details not specified)"}],"message":"Invalid request - see details","information_link":"https://developer.paypal.com/docs/api/payments/#errors","debug_id":"7037a3c54e357"}
[21-11-2017 03:12:28] PayPal\Core\PayPalHttpConnection : INFO: POST https://api.sandbox.paypal.com/v1/oauth2/token
[21-11-2017 03:12:29] PayPal\Core\PayPalHttpConnection : INFO: Response Status 	: 200
[21-11-2017 03:12:29] PayPal\Core\PayPalHttpConnection : INFO: POST https://api.sandbox.paypal.com/v1/payments/payment
[21-11-2017 03:12:30] PayPal\Core\PayPalHttpConnection : INFO: Response Status 	: 201
[21-11-2017 03:13:32] PayPal\Core\PayPalHttpConnection : INFO: POST https://api.sandbox.paypal.com/v1/oauth2/token
[21-11-2017 03:13:33] PayPal\Core\PayPalHttpConnection : INFO: Response Status 	: 200
[21-11-2017 03:13:33] PayPal\Core\PayPalHttpConnection : INFO: POST https://api.sandbox.paypal.com/v1/payments/payment
[21-11-2017 03:13:34] PayPal\Core\PayPalHttpConnection : INFO: Response Status 	: 400
[21-11-2017 03:13:34] PayPal\Core\PayPalHttpConnection : ERROR: Got Http response code 400 when accessing https://api.sandbox.paypal.com/v1/payments/payment. {"name":"VALIDATION_ERROR","details":[{"field":"transactions[0]","issue":"Item amount must add up to specified amount subtotal (or total if amount details not specified)"}],"message":"Invalid request - see details","information_link":"https://developer.paypal.com/docs/api/payments/#errors","debug_id":"b3d64e43b5d11"}
[21-11-2017 03:13:42] PayPal\Core\PayPalHttpConnection : INFO: POST https://api.sandbox.paypal.com/v1/oauth2/token
[21-11-2017 03:13:43] PayPal\Core\PayPalHttpConnection : INFO: Response Status 	: 200
[21-11-2017 03:13:43] PayPal\Core\PayPalHttpConnection : INFO: POST https://api.sandbox.paypal.com/v1/payments/payment
[21-11-2017 03:13:44] PayPal\Core\PayPalHttpConnection : INFO: Response Status 	: 400
[21-11-2017 03:13:44] PayPal\Core\PayPalHttpConnection : ERROR: Got Http response code 400 when accessing https://api.sandbox.paypal.com/v1/payments/payment. {"name":"VALIDATION_ERROR","details":[{"field":"transactions[0]","issue":"Item amount must add up to specified amount subtotal (or total if amount details not specified)"}],"message":"Invalid request - see details","information_link":"https://developer.paypal.com/docs/api/payments/#errors","debug_id":"e2e4aedc4411b"}
[21-11-2017 03:13:56] PayPal\Core\PayPalHttpConnection : INFO: POST https://api.sandbox.paypal.com/v1/oauth2/token
[21-11-2017 03:14:00] PayPal\Core\PayPalHttpConnection : INFO: Response Status 	: 200
[21-11-2017 03:14:00] PayPal\Core\PayPalHttpConnection : INFO: POST https://api.sandbox.paypal.com/v1/payments/payment
[21-11-2017 03:14:01] PayPal\Core\PayPalHttpConnection : INFO: Response Status 	: 400
[21-11-2017 03:14:01] PayPal\Core\PayPalHttpConnection : ERROR: Got Http response code 400 when accessing https://api.sandbox.paypal.com/v1/payments/payment. {"name":"VALIDATION_ERROR","details":[{"field":"transactions[0]","issue":"Item amount must add up to specified amount subtotal (or total if amount details not specified)"}],"message":"Invalid request - see details","information_link":"https://developer.paypal.com/docs/api/payments/#errors","debug_id":"8c23eef846a40"}
[21-11-2017 03:15:12] PayPal\Core\PayPalHttpConnection : INFO: POST https://api.sandbox.paypal.com/v1/oauth2/token
[21-11-2017 03:15:53] PayPal\Core\PayPalHttpConnection : INFO: POST https://api.sandbox.paypal.com/v1/oauth2/token
[21-11-2017 03:15:54] PayPal\Core\PayPalHttpConnection : INFO: Response Status 	: 200
[21-11-2017 03:15:54] PayPal\Core\PayPalHttpConnection : INFO: POST https://api.sandbox.paypal.com/v1/payments/payment
[21-11-2017 03:15:55] PayPal\Core\PayPalHttpConnection : INFO: Response Status 	: 400
[21-11-2017 03:15:55] PayPal\Core\PayPalHttpConnection : ERROR: Got Http response code 400 when accessing https://api.sandbox.paypal.com/v1/payments/payment. {"name":"VALIDATION_ERROR","details":[{"field":"transactions[0]","issue":"Item amount must add up to specified amount subtotal (or total if amount details not specified)"}],"message":"Invalid request - see details","information_link":"https://developer.paypal.com/docs/api/payments/#errors","debug_id":"68e2019aaf25a"}
[21-11-2017 03:16:24] PayPal\Core\PayPalHttpConnection : INFO: POST https://api.sandbox.paypal.com/v1/oauth2/token
[21-11-2017 03:16:25] PayPal\Core\PayPalHttpConnection : INFO: Response Status 	: 200
[21-11-2017 03:16:25] PayPal\Core\PayPalHttpConnection : INFO: POST https://api.sandbox.paypal.com/v1/payments/payment
[21-11-2017 03:16:26] PayPal\Core\PayPalHttpConnection : INFO: Response Status 	: 400
[21-11-2017 03:16:26] PayPal\Core\PayPalHttpConnection : ERROR: Got Http response code 400 when accessing https://api.sandbox.paypal.com/v1/payments/payment. {"name":"VALIDATION_ERROR","details":[{"field":"transactions[0]","issue":"Item amount must add up to specified amount subtotal (or total if amount details not specified)"}],"message":"Invalid request - see details","information_link":"https://developer.paypal.com/docs/api/payments/#errors","debug_id":"49d62a43ca141"}
[21-11-2017 03:17:20] PayPal\Core\PayPalHttpConnection : INFO: POST https://api.sandbox.paypal.com/v1/oauth2/token
[21-11-2017 03:17:37] PayPal\Core\PayPalHttpConnection : INFO: Response Status 	: 200
[21-11-2017 03:17:37] PayPal\Core\PayPalHttpConnection : INFO: POST https://api.sandbox.paypal.com/v1/payments/payment
[21-11-2017 03:17:40] PayPal\Core\PayPalHttpConnection : INFO: Response Status 	: 201
[21-11-2017 03:17:45] PayPal\Core\PayPalHttpConnection : INFO: POST https://api.sandbox.paypal.com/v1/oauth2/token
[21-11-2017 03:17:46] PayPal\Core\PayPalHttpConnection : INFO: Response Status 	: 200
[21-11-2017 03:17:46] PayPal\Core\PayPalHttpConnection : INFO: POST https://api.sandbox.paypal.com/v1/payments/payment
[21-11-2017 03:17:47] PayPal\Core\PayPalHttpConnection : INFO: Response Status 	: 201
[21-11-2017 03:18:30] PayPal\Core\PayPalHttpConnection : INFO: POST https://api.sandbox.paypal.com/v1/oauth2/token
[21-11-2017 03:18:31] PayPal\Core\PayPalHttpConnection : INFO: Response Status 	: 200
[21-11-2017 03:18:31] PayPal\Core\PayPalHttpConnection : INFO: POST https://api.sandbox.paypal.com/v1/payments/payment
[21-11-2017 03:18:45] PayPal\Core\PayPalHttpConnection : INFO: Response Status 	: 400
[21-11-2017 03:18:45] PayPal\Core\PayPalHttpConnection : ERROR: Got Http response code 400 when accessing https://api.sandbox.paypal.com/v1/payments/payment. {"name":"VALIDATION_ERROR","details":[{"field":"transactions[0]","issue":"Item amount must add up to specified amount subtotal (or total if amount details not specified)"}],"message":"Invalid request - see details","information_link":"https://developer.paypal.com/docs/api/payments/#errors","debug_id":"bfb0d78033421"}
[21-11-2017 03:19:05] PayPal\Core\PayPalHttpConnection : INFO: POST https://api.sandbox.paypal.com/v1/oauth2/token
[21-11-2017 03:19:06] PayPal\Core\PayPalHttpConnection : INFO: Response Status 	: 200
[21-11-2017 03:19:06] PayPal\Core\PayPalHttpConnection : INFO: POST https://api.sandbox.paypal.com/v1/payments/payment
[21-11-2017 03:19:44] PayPal\Core\PayPalHttpConnection : INFO: POST https://api.sandbox.paypal.com/v1/oauth2/token
[21-11-2017 03:19:45] PayPal\Core\PayPalHttpConnection : INFO: Response Status 	: 200
[21-11-2017 03:19:45] PayPal\Core\PayPalHttpConnection : INFO: POST https://api.sandbox.paypal.com/v1/payments/payment
[21-11-2017 03:19:46] PayPal\Core\PayPalHttpConnection : INFO: Response Status 	: 400
[21-11-2017 03:19:46] PayPal\Core\PayPalHttpConnection : ERROR: Got Http response code 400 when accessing https://api.sandbox.paypal.com/v1/payments/payment. {"name":"VALIDATION_ERROR","details":[{"field":"transactions[0]","issue":"Item amount must add up to specified amount subtotal (or total if amount details not specified)"}],"message":"Invalid request - see details","information_link":"https://developer.paypal.com/docs/api/payments/#errors","debug_id":"9824e418f3839"}
[21-11-2017 03:20:47] PayPal\Core\PayPalHttpConnection : INFO: POST https://api.sandbox.paypal.com/v1/oauth2/token
[21-11-2017 03:20:48] PayPal\Core\PayPalHttpConnection : INFO: Response Status 	: 200
[21-11-2017 03:20:48] PayPal\Core\PayPalHttpConnection : INFO: POST https://api.sandbox.paypal.com/v1/payments/payment
[21-11-2017 03:20:49] PayPal\Core\PayPalHttpConnection : INFO: Response Status 	: 400
[21-11-2017 03:20:49] PayPal\Core\PayPalHttpConnection : ERROR: Got Http response code 400 when accessing https://api.sandbox.paypal.com/v1/payments/payment. {"name":"VALIDATION_ERROR","details":[{"field":"transactions[0]","issue":"Item amount must add up to specified amount subtotal (or total if amount details not specified)"}],"message":"Invalid request - see details","information_link":"https://developer.paypal.com/docs/api/payments/#errors","debug_id":"3cabcaeb29275"}
[21-11-2017 03:22:19] PayPal\Core\PayPalHttpConnection : INFO: POST https://api.sandbox.paypal.com/v1/oauth2/token
[21-11-2017 03:22:20] PayPal\Core\PayPalHttpConnection : INFO: Response Status 	: 200
[21-11-2017 03:22:20] PayPal\Core\PayPalHttpConnection : INFO: POST https://api.sandbox.paypal.com/v1/payments/payment
[21-11-2017 03:22:21] PayPal\Core\PayPalHttpConnection : INFO: Response Status 	: 201
[21-11-2017 03:23:24] PayPal\Core\PayPalHttpConnection : INFO: POST https://api.sandbox.paypal.com/v1/oauth2/token
[21-11-2017 03:23:36] PayPal\Core\PayPalHttpConnection : INFO: Response Status 	: 200
[21-11-2017 03:23:36] PayPal\Core\PayPalHttpConnection : INFO: POST https://api.sandbox.paypal.com/v1/payments/payment
[21-11-2017 03:23:42] PayPal\Core\PayPalHttpConnection : INFO: Response Status 	: 201
[21-11-2017 03:23:46] PayPal\Core\PayPalHttpConnection : INFO: POST https://api.sandbox.paypal.com/v1/oauth2/token
[21-11-2017 03:23:50] PayPal\Core\PayPalHttpConnection : INFO: Response Status 	: 200
[21-11-2017 03:23:50] PayPal\Core\PayPalHttpConnection : INFO: POST https://api.sandbox.paypal.com/v1/payments/payment
[21-11-2017 03:23:52] PayPal\Core\PayPalHttpConnection : INFO: Response Status 	: 201
[23-11-2017 02:30:19] PayPal\Core\PayPalHttpConnection : INFO: POST https://api.sandbox.paypal.com/v1/oauth2/token
[23-11-2017 02:30:23] PayPal\Core\PayPalHttpConnection : INFO: Response Status 	: 200
[23-11-2017 02:30:23] PayPal\Core\PayPalHttpConnection : INFO: POST https://api.sandbox.paypal.com/v1/payments/payment
[23-11-2017 02:30:25] PayPal\Core\PayPalHttpConnection : INFO: Response Status 	: 201
[27-11-2017 03:29:05] PayPal\Core\PayPalHttpConnection : INFO: POST https://api.sandbox.paypal.com/v1/oauth2/token
[27-11-2017 03:29:14] PayPal\Core\PayPalHttpConnection : INFO: Response Status 	: 200
[27-11-2017 03:29:14] PayPal\Core\PayPalHttpConnection : INFO: POST https://api.sandbox.paypal.com/v1/payments/payment
[27-11-2017 03:29:25] PayPal\Core\PayPalHttpConnection : INFO: Response Status 	: 201
[28-11-2017 01:05:16] PayPal\Core\PayPalHttpConnection : INFO: POST https://api.sandbox.paypal.com/v1/oauth2/token
[28-11-2017 01:05:19] PayPal\Core\PayPalHttpConnection : INFO: Response Status 	: 200
[28-11-2017 01:05:19] PayPal\Core\PayPalHttpConnection : INFO: POST https://api.sandbox.paypal.com/v1/payments/payment
[28-11-2017 01:05:21] PayPal\Core\PayPalHttpConnection : INFO: Response Status 	: 201
[28-11-2017 01:19:30] PayPal\Core\PayPalHttpConnection : INFO: POST https://api.sandbox.paypal.com/v1/oauth2/token
[28-11-2017 01:19:31] PayPal\Core\PayPalHttpConnection : INFO: Response Status 	: 200
[28-11-2017 01:19:31] PayPal\Core\PayPalHttpConnection : INFO: POST https://api.sandbox.paypal.com/v1/payments/payment
[28-11-2017 01:19:33] PayPal\Core\PayPalHttpConnection : INFO: Response Status 	: 201
[29-11-2017 02:28:40] PayPal\Core\PayPalHttpConnection : INFO: POST https://api.sandbox.paypal.com/v1/oauth2/token
[29-11-2017 02:28:43] PayPal\Core\PayPalHttpConnection : INFO: Response Status 	: 200
[29-11-2017 02:28:43] PayPal\Core\PayPalHttpConnection : INFO: POST https://api.sandbox.paypal.com/v1/payments/payment
[29-11-2017 02:28:45] PayPal\Core\PayPalHttpConnection : INFO: Response Status 	: 201
[29-11-2017 07:56:08] PayPal\Core\PayPalHttpConnection : INFO: POST https://api.sandbox.paypal.com/v1/oauth2/token
[30-11-2017 07:30:04] PayPal\Core\PayPalHttpConnection : INFO: POST https://api.sandbox.paypal.com/v1/oauth2/token
[30-11-2017 07:30:10] PayPal\Core\PayPalHttpConnection : INFO: Response Status 	: 200
[30-11-2017 07:30:10] PayPal\Core\PayPalHttpConnection : INFO: POST https://api.sandbox.paypal.com/v1/payments/payment
[30-11-2017 07:30:12] PayPal\Core\PayPalHttpConnection : INFO: Response Status 	: 201
[06-12-2017 07:21:10] PayPal\Core\PayPalHttpConnection : INFO: POST https://api.sandbox.paypal.com/v1/oauth2/token
[06-12-2017 07:21:11] PayPal\Core\PayPalHttpConnection : INFO: Response Status 	: 200
[06-12-2017 07:21:11] PayPal\Core\PayPalHttpConnection : INFO: POST https://api.sandbox.paypal.com/v1/payments/payment
[06-12-2017 07:21:21] PayPal\Core\PayPalHttpConnection : INFO: Response Status 	: 201
[08-12-2017 02:22:06] PayPal\Core\PayPalHttpConnection : INFO: POST https://api.sandbox.paypal.com/v1/oauth2/token
[10-12-2017 08:07:35] PayPal\Core\PayPalHttpConnection : INFO: POST https://api.sandbox.paypal.com/v1/oauth2/token
[10-12-2017 08:07:37] PayPal\Core\PayPalHttpConnection : INFO: Response Status 	: 200
[10-12-2017 08:07:37] PayPal\Core\PayPalHttpConnection : INFO: POST https://api.sandbox.paypal.com/v1/payments/payment
[10-12-2017 08:07:38] PayPal\Core\PayPalHttpConnection : INFO: Response Status 	: 201
[10-12-2017 08:15:21] PayPal\Core\PayPalHttpConnection : INFO: POST https://api.sandbox.paypal.com/v1/oauth2/token
[10-12-2017 08:15:22] PayPal\Core\PayPalHttpConnection : INFO: Response Status 	: 200
[10-12-2017 08:15:22] PayPal\Core\PayPalHttpConnection : INFO: POST https://api.sandbox.paypal.com/v1/payments/payment
[10-12-2017 08:15:23] PayPal\Core\PayPalHttpConnection : INFO: Response Status 	: 201
[10-12-2017 08:18:51] PayPal\Core\PayPalHttpConnection : INFO: POST https://api.sandbox.paypal.com/v1/oauth2/token
[10-12-2017 08:18:53] PayPal\Core\PayPalHttpConnection : INFO: Response Status 	: 200
[10-12-2017 08:18:53] PayPal\Core\PayPalHttpConnection : INFO: POST https://api.sandbox.paypal.com/v1/payments/payment
[10-12-2017 08:18:58] PayPal\Core\PayPalHttpConnection : INFO: Response Status 	: 201
[10-12-2017 08:22:44] PayPal\Core\PayPalHttpConnection : INFO: POST https://api.paypal.com/v1/oauth2/token
[10-12-2017 08:22:45] PayPal\Core\PayPalHttpConnection : INFO: Response Status 	: 401
[10-12-2017 08:22:45] PayPal\Core\PayPalHttpConnection : ERROR: Got Http response code 401 when accessing https://api.paypal.com/v1/oauth2/token. {"error":"invalid_client","error_description":"Client Authentication failed"}
[10-12-2017 08:22:53] PayPal\Core\PayPalHttpConnection : INFO: POST https://api.paypal.com/v1/oauth2/token
[10-12-2017 08:22:54] PayPal\Core\PayPalHttpConnection : INFO: Response Status 	: 401
[10-12-2017 08:22:54] PayPal\Core\PayPalHttpConnection : ERROR: Got Http response code 401 when accessing https://api.paypal.com/v1/oauth2/token. {"error":"invalid_client","error_description":"Client Authentication failed"}
[10-12-2017 08:25:08] PayPal\Core\PayPalHttpConnection : INFO: POST https://api.sandbox.paypal.com/v1/oauth2/token
[10-12-2017 08:25:12] PayPal\Core\PayPalHttpConnection : INFO: Response Status 	: 200
[10-12-2017 08:25:13] PayPal\Core\PayPalHttpConnection : INFO: POST https://api.sandbox.paypal.com/v1/payments/payment
[10-12-2017 08:25:14] PayPal\Core\PayPalHttpConnection : INFO: Response Status 	: 201
[10-12-2017 08:27:00] PayPal\Core\PayPalHttpConnection : INFO: POST https://api.sandbox.paypal.com/v1/oauth2/token
[10-12-2017 08:27:04] PayPal\Core\PayPalHttpConnection : INFO: Response Status 	: 200
[10-12-2017 08:27:04] PayPal\Core\PayPalHttpConnection : INFO: POST https://api.sandbox.paypal.com/v1/payments/payment
[10-12-2017 08:27:07] PayPal\Core\PayPalHttpConnection : INFO: Response Status 	: 201
[10-12-2017 08:38:44] PayPal\Core\PayPalHttpConnection : INFO: POST https://api.sandbox.paypal.com/v1/oauth2/token
[10-12-2017 08:38:46] PayPal\Core\PayPalHttpConnection : INFO: Response Status 	: 401
[10-12-2017 08:38:46] PayPal\Core\PayPalHttpConnection : ERROR: Got Http response code 401 when accessing https://api.sandbox.paypal.com/v1/oauth2/token. {"error":"invalid_client","error_description":"Client Authentication failed"}
[10-12-2017 08:38:58] PayPal\Core\PayPalHttpConnection : INFO: POST https://api.paypal.com/v1/oauth2/token
[10-12-2017 08:39:00] PayPal\Core\PayPalHttpConnection : INFO: Response Status 	: 200
[10-12-2017 08:39:00] PayPal\Core\PayPalHttpConnection : INFO: POST https://api.paypal.com/v1/payments/payment
[10-12-2017 08:39:01] PayPal\Core\PayPalHttpConnection : INFO: Response Status 	: 201
[10-12-2017 08:41:08] PayPal\Core\PayPalHttpConnection : INFO: POST https://api.sandbox.paypal.com/v1/oauth2/token
[10-12-2017 08:42:18] PayPal\Core\PayPalHttpConnection : INFO: POST https://api.sandbox.paypal.com/v1/oauth2/token
[10-12-2017 08:43:27] PayPal\Core\PayPalHttpConnection : INFO: POST https://api.sandbox.paypal.com/v1/oauth2/token
[10-12-2017 08:43:33] PayPal\Core\PayPalHttpConnection : INFO: Response Status 	: 200
[10-12-2017 08:43:33] PayPal\Core\PayPalHttpConnection : INFO: POST https://api.sandbox.paypal.com/v1/payments/payment
[10-12-2017 08:45:33] PayPal\Core\PayPalHttpConnection : INFO: POST https://api.sandbox.paypal.com/v1/oauth2/token
[10-12-2017 08:45:34] PayPal\Core\PayPalHttpConnection : INFO: Response Status 	: 200
[10-12-2017 08:45:34] PayPal\Core\PayPalHttpConnection : INFO: POST https://api.sandbox.paypal.com/v1/payments/payment
[10-12-2017 08:45:35] PayPal\Core\PayPalHttpConnection : INFO: Response Status 	: 201
[10-12-2017 10:45:16] PayPal\Core\PayPalHttpConnection : INFO: POST https://api.sandbox.paypal.com/v1/oauth2/token
[10-12-2017 10:45:17] PayPal\Core\PayPalHttpConnection : INFO: Response Status 	: 200
[10-12-2017 10:45:17] PayPal\Core\PayPalHttpConnection : INFO: POST https://api.sandbox.paypal.com/v1/payments/payment
[10-12-2017 10:45:41] PayPal\Core\PayPalHttpConnection : INFO: Response Status 	: 201
[10-12-2017 11:45:13] PayPal\Core\PayPalHttpConnection : INFO: POST https://api.sandbox.paypal.com/v1/oauth2/token
[10-12-2017 11:45:14] PayPal\Core\PayPalHttpConnection : INFO: Response Status 	: 200
[10-12-2017 11:45:14] PayPal\Core\PayPalHttpConnection : INFO: POST https://api.sandbox.paypal.com/v1/payments/payment
[10-12-2017 11:45:23] PayPal\Core\PayPalHttpConnection : INFO: Response Status 	: 201
[10-12-2017 11:48:49] PayPal\Core\PayPalHttpConnection : INFO: POST https://api.sandbox.paypal.com/v1/oauth2/token
[10-12-2017 11:48:50] PayPal\Core\PayPalHttpConnection : INFO: Response Status 	: 200
[10-12-2017 11:48:50] PayPal\Core\PayPalHttpConnection : INFO: POST https://api.sandbox.paypal.com/v1/payments/payment
[10-12-2017 11:48:54] PayPal\Core\PayPalHttpConnection : INFO: Response Status 	: 201
[10-12-2017 10:28:29] PayPal\Core\PayPalHttpConnection : INFO: POST https://api.sandbox.paypal.com/v1/oauth2/token
[10-12-2017 10:28:31] PayPal\Core\PayPalHttpConnection : INFO: Response Status 	: 200
[10-12-2017 10:28:31] PayPal\Core\PayPalHttpConnection : INFO: POST https://api.sandbox.paypal.com/v1/payments/payment
[10-12-2017 10:28:47] PayPal\Core\PayPalHttpConnection : INFO: Response Status 	: 201
[11-12-2017 08:36:22] PayPal\Core\PayPalHttpConnection : INFO: POST https://api.sandbox.paypal.com/v1/oauth2/token
[11-12-2017 08:36:37] PayPal\Core\PayPalHttpConnection : INFO: Response Status 	: 200
[11-12-2017 08:36:37] PayPal\Core\PayPalHttpConnection : INFO: POST https://api.sandbox.paypal.com/v1/payments/payment
[11-12-2017 08:36:40] PayPal\Core\PayPalHttpConnection : INFO: Response Status 	: 201
[13-12-2017 07:51:57] PayPal\Core\PayPalHttpConnection : INFO: POST https://api.sandbox.paypal.com/v1/oauth2/token
[13-12-2017 07:52:04] PayPal\Core\PayPalHttpConnection : INFO: Response Status 	: 200
[13-12-2017 07:52:04] PayPal\Core\PayPalHttpConnection : INFO: POST https://api.sandbox.paypal.com/v1/payments/payment
[13-12-2017 07:52:07] PayPal\Core\PayPalHttpConnection : INFO: Response Status 	: 201
[13-12-2017 06:24:24] PayPal\Core\PayPalHttpConnection : INFO: POST https://api.sandbox.paypal.com/v1/oauth2/token
[13-12-2017 06:24:26] PayPal\Core\PayPalHttpConnection : INFO: Response Status 	: 200
[13-12-2017 06:24:26] PayPal\Core\PayPalHttpConnection : INFO: POST https://api.sandbox.paypal.com/v1/payments/payment
[13-12-2017 06:24:28] PayPal\Core\PayPalHttpConnection : INFO: Response Status 	: 201
[18-01-2018 07:44:14] PayPal\Core\PayPalHttpConnection : INFO: POST https://api.sandbox.paypal.com/v1/oauth2/token
[18-01-2018 07:44:16] PayPal\Core\PayPalHttpConnection : INFO: Response Status 	: 200
[18-01-2018 07:44:16] PayPal\Core\PayPalHttpConnection : INFO: POST https://api.sandbox.paypal.com/v1/payments/payment
[18-01-2018 07:44:47] PayPal\Core\PayPalHttpConnection : INFO: Response Status 	: 201
[19-01-2018 05:21:57] PayPal\Core\PayPalHttpConnection : INFO: POST https://api.sandbox.paypal.com/v1/oauth2/token
[19-01-2018 05:22:00] PayPal\Core\PayPalHttpConnection : INFO: Response Status 	: 200
[19-01-2018 05:22:00] PayPal\Core\PayPalHttpConnection : INFO: POST https://api.sandbox.paypal.com/v1/payments/payment
[19-01-2018 05:22:01] PayPal\Core\PayPalHttpConnection : INFO: Response Status 	: 201
[13-02-2018 12:42:25] PayPal\Core\PayPalHttpConnection : INFO: POST https://api.sandbox.paypal.com/v1/oauth2/token
[13-02-2018 12:42:27] PayPal\Core\PayPalHttpConnection : INFO: Response Status 	: 200
[13-02-2018 12:42:27] PayPal\Core\PayPalHttpConnection : INFO: POST https://api.sandbox.paypal.com/v1/payments/payment
[13-02-2018 12:42:29] PayPal\Core\PayPalHttpConnection : INFO: Response Status 	: 201
[13-02-2018 01:47:18] PayPal\Core\PayPalHttpConnection : INFO: POST https://api.sandbox.paypal.com/v1/oauth2/token
[13-02-2018 01:47:19] PayPal\Core\PayPalHttpConnection : INFO: Response Status 	: 200
[13-02-2018 01:47:19] PayPal\Core\PayPalHttpConnection : INFO: POST https://api.sandbox.paypal.com/v1/payments/payment
[13-02-2018 01:47:21] PayPal\Core\PayPalHttpConnection : INFO: Response Status 	: 201
[17-02-2018 04:08:16] PayPal\Core\PayPalHttpConnection : INFO: POST https://api.sandbox.paypal.com/v1/oauth2/token
[17-02-2018 04:08:19] PayPal\Core\PayPalHttpConnection : INFO: Response Status 	: 200
[17-02-2018 04:08:19] PayPal\Core\PayPalHttpConnection : INFO: POST https://api.sandbox.paypal.com/v1/payments/payment
[17-02-2018 04:08:20] PayPal\Core\PayPalHttpConnection : INFO: Response Status 	: 201
